0 info it worked if it ends with ok
1 verbose cli [ '/usr/local/bin/node', '/usr/local/bin/npm', 'publish' ]
2 info using npm@3.7.5
3 info using node@v4.3.1
4 verbose publish [ '.' ]
5 silly cache add args [ '.', null ]
6 verbose cache add spec .
7 silly cache add parsed spec Result {
7 silly cache add   raw: '.',
7 silly cache add   scope: null,
7 silly cache add   name: null,
7 silly cache add   rawSpec: '.',
7 silly cache add   spec: '/Users/somedude/hippoai/imgraphjs',
7 silly cache add   type: 'directory' }
8 verbose addLocalDirectory /Users/somedude/.npm/imgraphjs/0.0.311/package.tgz not in flight; packing
9 verbose correctMkdir /Users/somedude/.npm correctMkdir not in flight; initializing
10 info lifecycle imgraphjs@0.0.311~prepublish: imgraphjs@0.0.311
11 verbose lifecycle imgraphjs@0.0.311~prepublish: unsafe-perm in lifecycle true
12 verbose lifecycle imgraphjs@0.0.311~prepublish: PATH: /usr/local/lib/node_modules/npm/bin/node-gyp-bin:/Users/somedude/hippoai/imgraphjs/node_modules/.bin:/usr/local/bin:/Users/somedude/hippoai:/Users/somedude/selim:/Users/somedude/kinetic:/Library/Frameworks/Python.framework/Versions/2.7/bin:/usr/local/bin:/usr/bin:/bin:/usr/sbin:/sbin:/opt/X11/bin:/usr/local/go/bin:/Library/TeX/texbin:/Users/somedude/selim/gowork/bin:/Users/somedude/hisbrain/:/Users/somedude/sftwr/apache-maven-3.3.9/bin:/Library/Java/JavaVirtualMachines/jdk1.8.0_111.jdk/Contents/Home/
13 verbose lifecycle imgraphjs@0.0.311~prepublish: CWD: /Users/somedude/hippoai/imgraphjs
14 silly lifecycle imgraphjs@0.0.311~prepublish: Args: [ '-c', 'npm run build' ]
15 silly lifecycle imgraphjs@0.0.311~prepublish: Returned: code: 0  signal: null
16 verbose tar pack [ '/Users/somedude/.npm/imgraphjs/0.0.311/package.tgz',
16 verbose tar pack   '/Users/somedude/hippoai/imgraphjs' ]
17 verbose tarball /Users/somedude/.npm/imgraphjs/0.0.311/package.tgz
18 verbose folder /Users/somedude/hippoai/imgraphjs
19 verbose addLocalTarball adding from inside cache /Users/somedude/.npm/imgraphjs/0.0.311/package.tgz
20 verbose correctMkdir /Users/somedude/.npm correctMkdir not in flight; initializing
21 silly cache afterAdd imgraphjs@0.0.311
22 verbose afterAdd /Users/somedude/.npm/imgraphjs/0.0.311/package/package.json not in flight; writing
23 verbose correctMkdir /Users/somedude/.npm correctMkdir not in flight; initializing
24 verbose afterAdd /Users/somedude/.npm/imgraphjs/0.0.311/package/package.json written
25 silly publish { name: 'imgraphjs',
25 silly publish   version: '0.0.311',
25 silly publish   description: 'Directed property-graph',
25 silly publish   main: 'lib/imgraphjs.bundle.js',
25 silly publish   directories: { test: 'test' },
25 silly publish   scripts:
25 silly publish    { test: './node_modules/mocha/bin/mocha --compilers js:babel-core/register --colors -w ./test/*.js',
25 silly publish      build: './node_modules/webpack/bin/webpack.js',
25 silly publish      prepublish: 'npm run build' },
25 silly publish   repository:
25 silly publish    { type: 'git',
25 silly publish      url: 'git+https://github.com/hippoai/imgraphjs.git' },
25 silly publish   keywords: [ 'graph' ],
25 silly publish   author: { name: 'Selim Youssry' },
25 silly publish   license: 'ISC',
25 silly publish   bugs: { url: 'https://github.com/hippoai/imgraphjs/issues' },
25 silly publish   homepage: 'https://github.com/hippoai/imgraphjs#readme',
25 silly publish   devDependencies:
25 silly publish    { 'babel-cli': '^6.22.2',
25 silly publish      'babel-core': '^6.22.1',
25 silly publish      'babel-loader': '^6.2.10',
25 silly publish      'babel-preset-es2015': '^6.22.0',
25 silly publish      fs: '0.0.1-security',
25 silly publish      mocha: '^3.2.0',
25 silly publish      should: '^11.2.0',
25 silly publish      webpack: '^2.2.1' },
25 silly publish   dependencies: { immutable: '^3.8.1' },
25 silly publish   readme: '# Directed property-graph implementation in Javascript\n\n[...]\n',
25 silly publish   readmeFilename: 'README.md',
25 silly publish   gitHead: 'd4fec8def88affa6c0915304c1cb267c0440f866',
25 silly publish   _id: 'imgraphjs@0.0.311',
25 silly publish   _shasum: 'f6b5d3a1b9c7b50e604d5b9f56df0b931c504434',
25 silly publish   _from: '.' }
26 verbose getPublishConfig undefined
27 silly mapToRegistry name imgraphjs
28 silly mapToRegistry using default registry
29 silly mapToRegistry registry https://registry.npmjs.org/
30 silly mapToRegistry uri https://registry.npmjs.org/imgraphjs
31 verbose publish registryBase https://registry.npmjs.org/
32 silly publish uploading /Users/somedude/.npm/imgraphjs/0.0.311/package.tgz
33 verbose request uri https://registry.npmjs.org/imgraphjs
34 verbose request sending authorization for write operation
35 info attempt registry request try #1 at 6:46:21 PM
36 verbose request using bearer token for auth
37 verbose request id 1c483ccd9a8dde0f
38 http request PUT https://registry.npmjs.org/imgraphjs
39 http 403 https://registry.npmjs.org/imgraphjs
40 verbose headers { 'content-type': 'application/json',
40 verbose headers   'cache-control': 'max-age=300',
40 verbose headers   'content-length': '97',
40 verbose headers   'accept-ranges': 'bytes',
40 verbose headers   date: 'Wed, 08 Feb 2017 23:46:21 GMT',
40 verbose headers   via: '1.1 varnish',
40 verbose headers   connection: 'keep-alive',
40 verbose headers   'x-served-by': 'cache-jfk8134-JFK',
40 verbose headers   'x-cache': 'MISS',
40 verbose headers   'x-cache-hits': '0',
40 verbose headers   'x-timer': 'S1486597581.123949,VS0,VE536',
40 verbose headers   vary: 'Accept-Encoding' }
41 verbose request invalidating /Users/somedude/.npm/registry.npmjs.org/imgraphjs on PUT
42 error publish Failed PUT 403
43 verbose stack Error: "You cannot publish over the previously published version 0.0.311." : imgraphjs
43 verbose stack     at makeError (/usr/local/lib/node_modules/npm/node_modules/npm-registry-client/lib/request.js:264:12)
43 verbose stack     at CachingRegistryClient.<anonymous> (/usr/local/lib/node_modules/npm/node_modules/npm-registry-client/lib/request.js:252:14)
43 verbose stack     at Request._callback (/usr/local/lib/node_modules/npm/node_modules/npm-registry-client/lib/request.js:172:14)
43 verbose stack     at Request.self.callback (/usr/local/lib/node_modules/npm/node_modules/request/request.js:199:22)
43 verbose stack     at emitTwo (events.js:87:13)
43 verbose stack     at Request.emit (events.js:172:7)
43 verbose stack     at Request.<anonymous> (/usr/local/lib/node_modules/npm/node_modules/request/request.js:1036:10)
43 verbose stack     at emitOne (events.js:82:20)
43 verbose stack     at Request.emit (events.js:169:7)
43 verbose stack     at IncomingMessage.<anonymous> (/usr/local/lib/node_modules/npm/node_modules/request/request.js:963:12)
44 verbose statusCode 403
45 verbose pkgid imgraphjs
46 verbose cwd /Users/somedude/hippoai/imgraphjs
47 error Darwin 14.5.0
48 error argv "/usr/local/bin/node" "/usr/local/bin/npm" "publish"
49 error node v4.3.1
50 error npm  v3.7.5
51 error code E403
52 error "You cannot publish over the previously published version 0.0.311." : imgraphjs
53 error If you need help, you may report this error at:
53 error     <https://github.com/npm/npm/issues>
54 verbose exit [ 1, true ]
